# Build-time collision filter log — V2-031 Decision 6(a)
# Generated by scripts/build-equity-master.mjs at 2026-05-26T08:06:32.486Z
# 260 aliases dropped (multi-ticker claim OR first-word ambiguity).
# Format: <alias>\t<reason>\t<comma-separated tickers>

a	first-word of 2 company names (preemptive)	ABCOTS,ABINFRA
aarti	first-word of 4 company names (preemptive)	AARTIDRUGS,AARTIIND,AARTIPHARM,AARTISURF
abans	first-word of 2 company names (preemptive)	ABANSENT,AFSL
abm	first-word of 2 company names (preemptive)	ABMINTLLTD,ABMKNO
adani	first-word of 6 company names (preemptive)	ADANIENSOL,ADANIENT,ADANIGREEN,ADANIPORTS,ADANIPOWER,ATGL
aditya	first-word of 8 company names (preemptive)	ABCAPITAL,ABFRL,ABLBL,ABREL,ABSLAMC,AVL,BIRLAMONEY,CPPLUS
aegis	first-word of 2 company names (preemptive)	AEGISLOG,AEGISVOPAK
aeroflex	multi-ticker claim (2)	AEROENTER,AEROFLEX
agi	first-word of 2 company names (preemptive)	AGI,AGIIL
alembic	first-word of 2 company names (preemptive)	ALEMBICLTD,APLLTD
allcargo	first-word of 2 company names (preemptive)	ALLCARGO,ATL
allied	first-word of 2 company names (preemptive)	ABDL,ADSL
anand	first-word of 2 company names (preemptive)	ANANDRATHI,ARSSBL
andhra	first-word of 2 company names (preemptive)	ACL,ANDHRAPAP
apollo	first-word of 5 company names (preemptive)	APOLLO,APOLLOHOSP,APOLLOPIPE,APOLLOTYRE,APOLSINHOT
archidply	first-word of 2 company names (preemptive)	ADL,ARCHIDPLY
arihant	first-word of 3 company names (preemptive)	ARIHANT,ARIHANTCAP,ARIHANTSUP
artemis	first-word of 2 company names (preemptive)	AEPL,ARTEMISMED
arvind	first-word of 3 company names (preemptive)	ARVIND,ARVINDFASN,ARVSMART
asahi	first-word of 2 company names (preemptive)	ASAHIINDIA,ASAHISONG
ashoka	first-word of 2 company names (preemptive)	ASHOKA,ASHOKAMET
asian	first-word of 7 company names (preemptive)	AHLEAST,AHLWEST,ASIANENE,ASIANHOTNR,ASIANPAINT,ASIANTILES,ASTAR
atul	first-word of 2 company names (preemptive)	ATUL,ATULAUTO
automotive	first-word of 2 company names (preemptive)	ASAL,AUTOAXLES
bajaj	first-word of 10 company names (preemptive)	BAJAJ-AUTO,BAJAJCON,BAJAJELEC,BAJAJFINSV,BAJAJHCARE,BAJAJHFL,BAJAJHIND,BAJAJHLDNG,BAJAJST,BAJFINANCE
balaji	first-word of 2 company names (preemptive)	BALAJITELE,BALAMINES
balkrishna	multi-ticker claim (2)	BALKRISHNA,BALKRISIND
balmer	first-word of 2 company names (preemptive)	BALMLAWRIE,BLIL
bank	first-word of 3 company names (preemptive)	BANKBARODA,BANKINDIA,MAHABANK
bannari	first-word of 2 company names (preemptive)	BANARISUG,BASML
beml	first-word of 2 company names (preemptive)	BEML,BLAL
bf	first-word of 2 company names (preemptive)	BFINVEST,BFUTILITIE
bharat	first-word of 12 company names (preemptive)	BBL,BDL,BEL,BHARATCOAL,BHARATFORG,BHARATGEAR,BHARATRAS,BHARATSE,BHARATWIRE,BHEL,BPCL,BRNL
bharti	first-word of 2 company names (preemptive)	BHARTIARTL,BHARTIHEXA
birla	first-word of 3 company names (preemptive)	BIRLACABLE,BIRLACORPN,BIRLAPREC
black	first-word of 2 company names (preemptive)	BBOX,BLACKROSE
bls	first-word of 2 company names (preemptive)	BLS,BLSE
blue	first-word of 5 company names (preemptive)	BLUECHIP,BLUECOAST,BLUEDART,BLUEJET,BLUESTARCO
bombay	first-word of 2 company names (preemptive)	BOMDYEING,BSHSL
borosil	first-word of 3 company names (preemptive)	BOROLTD,BORORENEW,BOROSCI
bosch	first-word of 2 company names (preemptive)	BOSCH-HCIL,BOSCHLTD
brigade	first-word of 2 company names (preemptive)	BRIGADE,BRIGHOTEL
canara	first-word of 3 company names (preemptive)	CANBK,CANHLIFE,CRAMC
capital	first-word of 3 company names (preemptive)	CAPITALSFB,CAPTRUST,CIFL
central	first-word of 3 company names (preemptive)	CDSL,CENTRALBK,CMPDI
century	first-word of 3 company names (preemptive)	CENTENKA,CENTEXT,CENTURYPLY
chembond	first-word of 2 company names (preemptive)	CHEMBOND,CHEMBONDCH
cholamandalam	first-word of 2 company names (preemptive)	CHOLAFIN,CHOLAHLDNG
clean	first-word of 2 company names (preemptive)	CLEAN,CLEANMAX
concord	first-word of 2 company names (preemptive)	CEWATER,CONCORDBIO
consolidated	first-word of 2 company names (preemptive)	CCCL,CONSOFINVT
country	first-word of 2 company names (preemptive)	CCHHL,COUNCODOS
creative	first-word of 2 company names (preemptive)	CNL,CREATIVEYE
cyient	first-word of 2 company names (preemptive)	CYIENT,CYIENTDLM
dalmia	first-word of 2 company names (preemptive)	DALBHARAT,DALMIASUG
dcm	first-word of 7 company names (preemptive)	DCM,DCMFINSERV,DCMNVL,DCMSHRIRAM,DCMSIL,DCMSRIND,DSFCL
dcm shriram	multi-ticker claim (3)	DCMSHRIRAM,DCMSIL,DCMSRIND
deccan	first-word of 2 company names (preemptive)	DECCANCE,DECNGOLD
deepak	first-word of 3 company names (preemptive)	DBEIL,DEEPAKFERT,DEEPAKNTR
delta	first-word of 2 company names (preemptive)	DELTACORP,DELTAMAGNT
dev	first-word of 2 company names (preemptive)	DEVIT,DEVX
dhampur	first-word of 2 company names (preemptive)	DBOL,DHAMPURSUG
dhunseri	first-word of 3 company names (preemptive)	DHUNINV,DTIL,DVL
dr.	first-word of 3 company names (preemptive)	AGARWALEYE,DRREDDY,LALPATHLAB
eih	first-word of 2 company names (preemptive)	EIHAHOTELS,EIHOTEL
elgi	first-word of 2 company names (preemptive)	ELGIEQUIP,ELGIRUBCO
emami	first-word of 3 company names (preemptive)	EMAMILTD,EMAMIPAP,EMAMIREAL
epack	first-word of 2 company names (preemptive)	EPACK,EPACKPEB
euro	first-word of 3 company names (preemptive)	EIFFL,EUROBOND,EUROPRATIK
everest	first-word of 2 company names (preemptive)	EKC,EVERESTIND
filatex	first-word of 2 company names (preemptive)	FILATEX,FILATFASH
finolex	first-word of 2 company names (preemptive)	FINCABLES,FINPIPE
future	multi-ticker claim (2)	FEL,FELDVR
future enterprises	multi-ticker claim (2)	FEL,FELDVR
future enterprises limited	multi-ticker claim (2)	FEL,FELDVR
gacm	first-word of 2 company names (preemptive)	GATECH,GATECHDVR
gacm technologies	multi-ticker claim (2)	GATECH,GATECHDVR
gacm technologies limited	multi-ticker claim (2)	GATECH,GATECHDVR
ganesh	first-word of 3 company names (preemptive)	GANESHBE,GANESHCP,GANESHHOU
garware	first-word of 2 company names (preemptive)	GARFIBRES,GRWRHITECH
gayatri	first-word of 2 company names (preemptive)	GAYAHWS,GAYAPROJ
ge	first-word of 2 company names (preemptive)	GVPIL,GVT&D
genus	first-word of 2 company names (preemptive)	GENUSPAPER,GENUSPOWER
ghcl	first-word of 2 company names (preemptive)	GHCL,GHCLTEXTIL
global	first-word of 4 company names (preemptive)	GLOBAL,GLOBALVECT,GSLSU,MEDANTA
globe	first-word of 3 company names (preemptive)	GICL,GLOBE,GLOBECIVIL
gmr	first-word of 2 company names (preemptive)	GMRAIRPORT,GMRP&UI
go	first-word of 2 company names (preemptive)	GOCOLORS,GODIGIT
godrej	first-word of 4 company names (preemptive)	GODREJAGRO,GODREJCP,GODREJIND,GODREJPROP
gokul	first-word of 2 company names (preemptive)	GOKUL,GOKULAGRO
gpt	first-word of 2 company names (preemptive)	GPTHEALTH,GPTINFRA
grand	first-word of 2 company names (preemptive)	GFSTEELS,GRANDOAK
gtl	first-word of 2 company names (preemptive)	GTL,GTLINFRA
gujarat	first-word of 15 company names (preemptive)	FLUOROCHEM,GAEL,GIPCL,GKSL,GLFL,GMDCLTD,GNFC,GNRL,GPPL,GSFC,GUJALKALI,GUJAPOLLO,GUJGASLTD,GUJRAFFIA,GUJTHEM
hb	first-word of 2 company names (preemptive)	HBESD,HBSL
hcl	first-word of 2 company names (preemptive)	HCL-INSYS,HCLTECH
hdfc	first-word of 3 company names (preemptive)	HDFCAMC,HDFCBANK,HDFCLIFE
hindustan	first-word of 10 company names (preemptive)	HAL,HCC,HINDCOMPOS,HINDCOPPER,HINDOILEXP,HINDPETRO,HINDUNILVR,HINDZINC,HMVL,HNDFDS
hitech	multi-ticker claim (2)	HITECH,HITECHCORP
housing	first-word of 2 company names (preemptive)	HDIL,HUDCO
icici	first-word of 4 company names (preemptive)	ICICIAMC,ICICIBANK,ICICIGI,ICICIPRULI
ifb	first-word of 2 company names (preemptive)	IFBAGRO,IFBIND
iifl	first-word of 2 company names (preemptive)	IIFL,IIFLCAPS
il&fs	first-word of 3 company names (preemptive)	IL&FSENGG,IL&FSTRANS,IVC
india	first-word of 6 company names (preemptive)	IMPAL,INDIAGLYCO,INDIASHLTR,INDNIPPON,IPL,ITDC
indian	first-word of 11 company names (preemptive)	IEX,IMFA,INDIANB,INDIANCARD,INDIANHUME,INDTERRAIN,IOB,IOC,IRCTC,IREDA,IRFC
indo	first-word of 8 company names (preemptive)	ICIL,INDOAMIN,INDOBORAX,INDOFARM,INDORAMA,INDOTECH,INDOTHAI,INDOUS
indraprastha	first-word of 2 company names (preemptive)	IGL,INDRAMEDCO
industrial	first-word of 2 company names (preemptive)	IITL,INDPRUD
inox	first-word of 3 company names (preemptive)	INOXGREEN,INOXINDIA,INOXWIND
international	first-word of 2 company names (preemptive)	IGIL,INTLCONV
iris	first-word of 2 company names (preemptive)	IRIS,IRISDOREME
itc	first-word of 2 company names (preemptive)	ITC,ITCHOTELS
jai	first-word of 2 company names (preemptive)	JAIBALAJI,JAICORPLTD
jain	first-word of 3 company names (preemptive)	JAINREC,JISLDVREQS,JISLJALEQS
jain irrigation systems	multi-ticker claim (2)	JISLDVREQS,JISLJALEQS
jain irrigation systems limited	multi-ticker claim (2)	JISLDVREQS,JISLJALEQS
jhs	first-word of 2 company names (preemptive)	JHS,RETAIL
jindal	first-word of 8 company names (preemptive)	JINDALPHOT,JINDALPOLY,JINDALSAW,JINDALSTEL,JINDRILL,JINDWORLD,JPOLYINVST,JSL
jk	first-word of 4 company names (preemptive)	JKCEMENT,JKLAKSHMI,JKPAPER,JKTYRE
jsw	multi-ticker claim (2)	JSWHL,JSWSTEEL
jubilant	first-word of 4 company names (preemptive)	JUBLCPL,JUBLFOOD,JUBLINGREA,JUBLPHARMA
jupiter	first-word of 2 company names (preemptive)	JLHL,JWL
jyoti	first-word of 2 company names (preemptive)	JYOTICNC,JYOTISTRUC
kalpataru	first-word of 2 company names (preemptive)	KALPATARU,KPIL
kalyani	first-word of 4 company names (preemptive)	KALYANI,KALYANIFRG,KICL,KSL
kamdhenu	first-word of 2 company names (preemptive)	KAMDHENU,KAMOPAINTS
kcp	first-word of 2 company names (preemptive)	KCP,KCPSUGIND
khaitan	first-word of 2 company names (preemptive)	KHAICHEM,KHAITANLTD
kirloskar	first-word of 6 company names (preemptive)	KECL,KIRLFER,KIRLOSBROS,KIRLOSENG,KIRLOSIND,KIRLPNU
kothari	first-word of 4 company names (preemptive)	KOTARISUG,KOTHARIPET,KOTHARIPRO,KOTIC
krishna	first-word of 2 company names (preemptive)	KIMS,KRISHNADEF
kriti	first-word of 2 company names (preemptive)	KRITI,KRITINUT
kwality	first-word of 2 company names (preemptive)	KPL,KWIL
l&t	first-word of 2 company names (preemptive)	LTF,LTTS
lakshmi	first-word of 2 company names (preemptive)	LAKPRE,LFIC
landmark	first-word of 2 company names (preemptive)	LANDMARK,LPDC
laxmi	first-word of 5 company names (preemptive)	LAXMICOT,LAXMIDENTL,LAXMIINDIA,LGHL,LXCHEM
le	first-word of 2 company names (preemptive)	IXIGO,LEMERITE
lg	first-word of 2 company names (preemptive)	LGBBROSLTD,LGEINDIA
lloyds	first-word of 3 company names (preemptive)	LLOYDSENGG,LLOYDSENT,LLOYDSME
lumax	first-word of 2 company names (preemptive)	LUMAXIND,LUMAXTECH
m	first-word of 2 company names (preemptive)	MBEL,MKPL
madhav	first-word of 3 company names (preemptive)	MADHAV,MADHAVIPL,MCL
mahalaxmi	first-word of 2 company names (preemptive)	MFML,MHLXMIRU
mahanagar	first-word of 2 company names (preemptive)	MGL,MTNL
maharashtra	first-word of 2 company names (preemptive)	MAHSCOOTER,MAHSEAMLES
mahindra	first-word of 6 company names (preemptive)	M&M,M&MFIN,MAHEPC,MAHLIFE,MAHLOG,MHRIL
man	first-word of 2 company names (preemptive)	MANINDS,MANINFRA
manaksia	first-word of 4 company names (preemptive)	MANAKALUCO,MANAKCOAT,MANAKSIA,MANAKSTEEL
mangal	first-word of 2 company names (preemptive)	MANCREDIT,MEIL
mangalam	first-word of 5 company names (preemptive)	MANGALAM,MANGLMCEM,MANORG,MGEL,MWL
max	first-word of 4 company names (preemptive)	MAXESTATES,MAXHEALTH,MAXIND,MFSL
menon	first-word of 2 company names (preemptive)	MENNPIS,MENONBE
modi	first-word of 2 company names (preemptive)	MODINATUR,MODIRUBBER
mold-tek	first-word of 2 company names (preemptive)	MOLDTECH,MOLDTKPAC
munjal	first-word of 2 company names (preemptive)	MUNJALAU,MUNJALSHOW
muthoot	first-word of 3 company names (preemptive)	MUTHOOTCAP,MUTHOOTFIN,MUTHOOTMF
nagreeka	first-word of 2 company names (preemptive)	NAGREEKCAP,NAGREEKEXP
nahar	first-word of 4 company names (preemptive)	NAHARCAP,NAHARINDUS,NAHARPOLY,NAHARSPING
national	first-word of 3 company names (preemptive)	NATIONALUM,NATIONSTD,NFL
navkar	first-word of 2 company names (preemptive)	NAVKARCORP,NAVKARURB
niit	first-word of 2 company names (preemptive)	NIITLTD,NIITMTS
nila	first-word of 2 company names (preemptive)	NILAINFRA,NILASPACES
niraj	first-word of 2 company names (preemptive)	NIRAJ,NIRAJISPAT
nmdc	first-word of 2 company names (preemptive)	NMDC,NSLNISP
nrb	first-word of 2 company names (preemptive)	NIBL,NRBBEARING
ntpc	first-word of 2 company names (preemptive)	NTPC,NTPCGREEN
oil	first-word of 3 company names (preemptive)	OIL,OILCOUNTUB,ONGC
om	first-word of 3 company names (preemptive)	OMFREIGHT,OMINFRAL,OMPOWER
one	first-word of 3 company names (preemptive)	MOBIKWIK,ONEPOINT,PAYTM
orient	first-word of 8 company names (preemptive)	GREENPOWER,ORIENTBELL,ORIENTCEM,ORIENTCER,ORIENTELEC,ORIENTLTD,ORIENTPPR,ORIENTTECH
oriental	first-word of 3 company names (preemptive)	OAL,ORIENTALTL,ORIENTHOT
oswal	first-word of 3 company names (preemptive)	OSWALAGRO,OSWALGREEN,OSWALPUMPS
paras	first-word of 2 company names (preemptive)	PARAS,PARASPETRO
patel	first-word of 3 company names (preemptive)	PATELENG,PATELRMART,PATINTLOG
pearl	first-word of 2 company names (preemptive)	PEARLPOLY,PGIL
pioneer	first-word of 2 company names (preemptive)	PIONEEREMB,PIONRINV
piramal	first-word of 2 company names (preemptive)	PIRAMALFIN,PPLPHARMA
pnb	first-word of 2 company names (preemptive)	PNBGILTS,PNBHOUSING
power	first-word of 4 company names (preemptive)	PFC,PIGL,POWERGRID,POWERMECH
prakash	first-word of 3 company names (preemptive)	PPL,PRAKASH,PRAKASHSTL
precision	first-word of 2 company names (preemptive)	PRECAM,PRECWIRE
premier	first-word of 4 company names (preemptive)	PREMEXPLN,PREMIER,PREMIERENE,PREMIERPOL
prime	first-word of 2 company names (preemptive)	PFOCUS,PRIMESECU
procter	first-word of 2 company names (preemptive)	PGHH,PGHL
ptc	multi-ticker claim (2)	PTC,PTCIL
punjab	first-word of 3 company names (preemptive)	PNB,PSB,PUNJABCHEM
r	first-word of 4 company names (preemptive)	RKSWAMY,RMDRIP,RRKABEL,RSYSTEMS
raj	first-word of 3 company names (preemptive)	RAJRILTD,RAJTV,ROML
rajshree	first-word of 2 company names (preemptive)	RAJSREESUG,RPPL
rama	first-word of 2 company names (preemptive)	RAMAPHO,RAMASTEEL
ramco	first-word of 2 company names (preemptive)	RAMCOIND,RAMCOSYS
rane	first-word of 2 company names (preemptive)	RANEHOLDIN,RML
rattanindia	first-word of 2 company names (preemptive)	RTNINDIA,RTNPOWER
raymond	first-word of 3 company names (preemptive)	RAYMOND,RAYMONDLSL,RAYMONDREL
reliance	first-word of 7 company names (preemptive)	RCOM,RELCHEMQ,RELIANCE,RELINFRA,RHFL,RIIL,RPOWER
rossell	first-word of 2 company names (preemptive)	ROSSELLIND,ROSSTECH
s	first-word of 2 company names (preemptive)	SCHAND,SHK
sadbhav	first-word of 2 company names (preemptive)	SADBHAV,SADBHIN
sai	first-word of 3 company names (preemptive)	KALAMANDIR,SAILIFE,SAIPARENT
sanofi	first-word of 2 company names (preemptive)	SANOFI,SANOFICONR
saraswati	first-word of 2 company names (preemptive)	SSDL,ZSARACOM
sbi	first-word of 2 company names (preemptive)	SBICARD,SBILIFE
sg	first-word of 2 company names (preemptive)	SGFIN,SGMART
shah	first-word of 2 company names (preemptive)	SHAH,SHAHALLOYS
shankara	first-word of 2 company names (preemptive)	BUILDPRO,SHANKARA
shanti	first-word of 3 company names (preemptive)	SEIL,SHANTI,SHANTIGOLD
sharda	first-word of 2 company names (preemptive)	SHARDACROP,SHARDAMOTR
shipping	first-word of 2 company names (preemptive)	SCI,SCILAL
shiva	first-word of 2 company names (preemptive)	SHIVAMILLS,SHIVATEX
shivalik	first-word of 2 company names (preemptive)	SBCL,SHIVALIK
shree	first-word of 11 company names (preemptive)	BALAJEE,RAMANEWS,RENUKA,SAPPL,SHREDIGCEM,SHREECEM,SHREEPUSHK,SHREERAMA,SRPL,SRTL,SVLL
shri	first-word of 2 company names (preemptive)	SHBAJRG,SHRIKRISH
shriram	first-word of 3 company names (preemptive)	SHRIPISTON,SHRIRAMFIN,SHRIRAMPPS
shyam	first-word of 3 company names (preemptive)	SHYAMCENT,SHYAMMETL,SHYAMTEL
siemens	first-word of 2 company names (preemptive)	ENRIN,SIEMENS
sigma	first-word of 2 company names (preemptive)	SIGMA,SIGMAADV
skf	first-word of 2 company names (preemptive)	SKFINDIA,SKFINDUS
sri	first-word of 2 company names (preemptive)	HAVISHA,LOTUSDEV
standard	first-word of 2 company names (preemptive)	SETL,SIL
star	first-word of 3 company names (preemptive)	STARCEMENT,STARHEALTH,STARPAPER
steel	first-word of 4 company names (preemptive)	SAIL,SSWL,STEELCITY,STEELXIND
sterling	first-word of 2 company names (preemptive)	STERTOOLS,SWSOLAR
stl	first-word of 2 company names (preemptive)	SGL,STLNETWORK
sudarshan	first-word of 2 company names (preemptive)	SUDARCOLOR,SUDARSCHEM
sun	first-word of 3 company names (preemptive)	SPARC,SUNPHARMA,SUNTV
sundaram	first-word of 4 company names (preemptive)	SUNCLAY,SUNDARAM,SUNDARMFIN,SUNDRMBRAK
supreme	multi-ticker claim (2)	SUPREME,SUPREMEIND
suraj	first-word of 2 company names (preemptive)	SURAJEST,SURAJLTD
surana	first-word of 2 company names (preemptive)	SURANASOL,SURANAT&P
swan	first-word of 2 company names (preemptive)	SWANCORP,SWANDEF
tamilnadu	first-word of 2 company names (preemptive)	TNPETRO,TNTELE
tata	first-word of 13 company names (preemptive)	TATACAP,TATACHEM,TATACOMM,TATACONSUM,TATAELXSI,TATAINVEST,TATAPOWER,TATASTEEL,TATATECH,TCS,TMCV,TMPV,TTML
tci	first-word of 2 company names (preemptive)	TCIEXP,TCIFINANCE
texmaco	first-word of 2 company names (preemptive)	TEXINFRA,TEXRAIL
the	first-word of 27 company names (preemptive)	ANDHRSUGAR,ANUP,BBTC,BYKE,FEDERALBNK,GESHIP,GROBTEA,HITECHGEAR,INDHOTEL,INDIACEM,IWP,J&KBANK,KTKBANK,MOTOGENFIN,NIACL,ORISSAMINE,PHOENIXLTD,PKTEA,RAMCOCEM,RUBYMILLS,SANDESH,SOUTHBANK,STCINDIA,THEINVEST,UGARSUGAR,UNITEDTEA,WIPL
thomas	first-word of 2 company names (preemptive)	THOMASCOOK,THOMASCOTT
tips	first-word of 2 company names (preemptive)	TIPSFILMS,TIPSMUSIC
torrent	first-word of 2 company names (preemptive)	TORNTPHARM,TORNTPOWER
triveni	first-word of 2 company names (preemptive)	TRITURBINE,TRIVENI
ttk	first-word of 2 company names (preemptive)	TTKHLTCARE,TTKPRESTIG
tv	first-word of 2 company names (preemptive)	TVTODAY,TVVISION
tvs	first-word of 5 company names (preemptive)	TVSELECT,TVSHLTD,TVSMOTOR,TVSSCS,TVSSRICHAK
united	first-word of 5 company names (preemptive)	UBL,UFBL,UNIDT,UNITDSPR,UNITEDPOLY
usha	first-word of 2 company names (preemptive)	UMESLTD,USHAMART
valiant	first-word of 2 company names (preemptive)	VALIANTLAB,VALIANTORG
vardhman	first-word of 5 company names (preemptive)	VARDHACRLC,VARDMNPOLY,VHL,VSSL,VTL
venus	first-word of 2 company names (preemptive)	VENUSPIPES,VENUSREM
vikas	first-word of 2 company names (preemptive)	VIKASECO,VIKASLIFE
vip	first-word of 2 company names (preemptive)	VIPCLOTHNG,VIPIND
vishnu	first-word of 2 company names (preemptive)	VISHNU,VPRPL
waaree	first-word of 2 company names (preemptive)	WAAREEENER,WAAREERTL
welspun	multi-ticker claim (2)	WELCORP,WELENT
zee	first-word of 3 company names (preemptive)	ZEEL,ZEELEARN,ZEEMEDIA
zenith	first-word of 2 company names (preemptive)	ZENITHEXPO,ZENITHSTL
zf	first-word of 2 company names (preemptive)	ZFCVINDIA,ZFSTEERING
zodiac	first-word of 2 company names (preemptive)	ZODIAC,ZODIACLOTH
zuari	multi-ticker claim (2)	ZUARI,ZUARIIND
zydus	first-word of 2 company names (preemptive)	ZYDUSLIFE,ZYDUSWELL
